;  LST file generated by mikroListExporter - v.2.0 
; Date/Time: 20/10/2013 08:24:48 ã
;----------------------------------------------

;Address Opcode 	ASM
0x0000	0x2871      	GOTO       113
_____DoICP:
;__Lib_System.c,6 :: 		
;__Lib_System.c,9 :: 		
0x0003	0x1283      	BCF        STATUS, 5
0x0004	0x1303      	BCF        STATUS, 6
0x0005	0x0821      	MOVF       ___DoICPAddr+1, 0
0x0006	0x008A      	MOVWF      PCLATH
;__Lib_System.c,10 :: 		
0x0007	0x0820      	MOVF       ___DoICPAddr, 0
0x0008	0x0082      	MOVWF      PCL
;__Lib_System.c,12 :: 		
L_end_____DoICP:
0x0009	0x0008      	RETURN
; end of _____DoICP
_Delay_22us:
;__Lib_Delays.c,15 :: 		void Delay_22us() {
;__Lib_Delays.c,16 :: 		Delay_us(22);
0x000A	0x3007      	MOVLW      7
0x000B	0x1283      	BCF        STATUS, 5
0x000C	0x1303      	BCF        STATUS, 6
0x000D	0x00FD      	MOVWF      R13
L_Delay_22us1:
0x000E	0x0BFD      	DECFSZ     R13, 1
0x000F	0x280E      	GOTO       L_Delay_22us1
;__Lib_Delays.c,17 :: 		}
L_end_Delay_22us:
0x0010	0x0008      	RETURN
; end of _Delay_22us
_vdelay_init:
;servo1.c,1 :: 		void vdelay_init()
;servo1.c,3 :: 		OPTION_REG = 0b00010000; //page 105  timer 0 count every 1 u sec
0x0011	0x3010      	MOVLW      16
0x0012	0x1683      	BSF        STATUS, 5
0x0013	0x1303      	BCF        STATUS, 6
0x0014	0x0081      	MOVWF      OPTION_REG
;servo1.c,4 :: 		}
L_end_vdelay_init:
0x0015	0x0008      	RETURN
; end of _vdelay_init
_ADC_Read:
;__Lib_ADC_A_C.c,45 :: 		
;__Lib_ADC_A_C.c,47 :: 		
0x0016	0x1283      	BCF        STATUS, 5
0x0017	0x1303      	BCF        STATUS, 6
0x0018	0x019F      	CLRF       ADCON0
;__Lib_ADC_A_C.c,48 :: 		
0x0019	0x30C0      	MOVLW      192
0x001A	0x049F      	IORWF      ADCON0, 1
;__Lib_ADC_A_C.c,49 :: 		
0x001B	0x1683      	BSF        STATUS, 5
0x001C	0x171F      	BSF        ADCON1, 6
;__Lib_ADC_A_C.c,50 :: 		
0x001D	0x179F      	BSF        ADCON1, 7
;__Lib_ADC_A_C.c,51 :: 		
0x001E	0x1283      	BCF        STATUS, 5
0x001F	0x0824      	MOVF       FARG_ADC_Read_channel, 0
0x0020	0x00F0      	MOVWF      R0
0x0021	0x0DF0      	RLF        R0, 1
0x0022	0x1070      	BCF        R0, 0
0x0023	0x0DF0      	RLF        R0, 1
0x0024	0x1070      	BCF        R0, 0
0x0025	0x0DF0      	RLF        R0, 1
0x0026	0x1070      	BCF        R0, 0
0x0027	0x0870      	MOVF       R0, 0
0x0028	0x049F      	IORWF      ADCON0, 1
;__Lib_ADC_A_C.c,54 :: 		
0x0029	0x141F      	BSF        ADCON0, 0
;__Lib_ADC_A_C.c,57 :: 		
0x002A	0x200A      	CALL       _Delay_22us
;__Lib_ADC_A_C.c,60 :: 		
0x002B	0x151F      	BSF        ADCON0, 2
;__Lib_ADC_A_C.c,63 :: 		
L_ADC_Read2:
0x002C	0x1D1F      	BTFSS      ADCON0, 2
0x002D	0x2830      	GOTO       L_ADC_Read3
;__Lib_ADC_A_C.c,64 :: 		
0x002E	0x0000      	NOP
0x002F	0x282C      	GOTO       L_ADC_Read2
L_ADC_Read3:
;__Lib_ADC_A_C.c,67 :: 		
0x0030	0x101F      	BCF        ADCON0, 0
;__Lib_ADC_A_C.c,70 :: 		
0x0031	0x081E      	MOVF       ADRESH, 0
0x0032	0x00F1      	MOVWF      R0+1
0x0033	0x01F0      	CLRF       R0
0x0034	0x1683      	BSF        STATUS, 5
0x0035	0x081E      	MOVF       ADRESL, 0
0x0036	0x04F0      	IORWF      R0, 1
0x0037	0x3000      	MOVLW      0
0x0038	0x04F1      	IORWF      R0+1, 1
;__Lib_ADC_A_C.c,71 :: 		
L_end_ADC_Read:
0x0039	0x0008      	RETURN
; end of _ADC_Read
___CC2DW:
;__Lib_System.c,134 :: 		
;__Lib_System.c,137 :: 		
_CC2D_Loop1:
;__Lib_System.c,139 :: 		
0x003A	0x2003      	CALL       _____DoICP
0x003B	0x118A      	BCF        PCLATH, 3
0x003C	0x120A      	BCF        PCLATH, 4
;__Lib_System.c,141 :: 		
0x003D	0x0080      	MOVWF      INDF
;__Lib_System.c,142 :: 		
0x003E	0x0A84      	INCF       FSR, 1
;__Lib_System.c,143 :: 		
0x003F	0x0AA0      	INCF       ___DoICPAddr, 1
;__Lib_System.c,145 :: 		
0x0040	0x1903      	BTFSC      STATUS, 2
;__Lib_System.c,146 :: 		
0x0041	0x0AA1      	INCF       ___DoICPAddr+1, 1
;__Lib_System.c,147 :: 		
0x0042	0x03F0      	DECF       R0, 1
;__Lib_System.c,149 :: 		
0x0043	0x1D03      	BTFSS      STATUS, 2
;__Lib_System.c,150 :: 		
0x0044	0x283A      	GOTO       _CC2D_Loop1
;__Lib_System.c,152 :: 		
L_end___CC2DW:
0x0045	0x0008      	RETURN
; end of ___CC2DW
_vdelay_us:
;servo1.c,5 :: 		void vdelay_us(int x)
;servo1.c,7 :: 		x=x/2;
0x0046	0x1283      	BCF        STATUS, 5
0x0047	0x1303      	BCF        STATUS, 6
0x0048	0x0CA5      	RRF        FARG_vdelay_us_x+1, 1
0x0049	0x0CA4      	RRF        FARG_vdelay_us_x, 1
0x004A	0x13A5      	BCF        FARG_vdelay_us_x+1, 7
0x004B	0x1B25      	BTFSC      FARG_vdelay_us_x+1, 6
0x004C	0x17A5      	BSF        FARG_vdelay_us_x+1, 7
;servo1.c,8 :: 		TMR0=0;
0x004D	0x0181      	CLRF       TMR0
;servo1.c,9 :: 		while(x>255)
L_vdelay_us0:
0x004E	0x3080      	MOVLW      128
0x004F	0x00F0      	MOVWF      R0
0x0050	0x3080      	MOVLW      128
0x0051	0x0625      	XORWF      FARG_vdelay_us_x+1, 0
0x0052	0x0270      	SUBWF      R0, 0
0x0053	0x1D03      	BTFSS      STATUS, 2
0x0054	0x2857      	GOTO       L__vdelay_us10
0x0055	0x0824      	MOVF       FARG_vdelay_us_x, 0
0x0056	0x3CFF      	SUBLW      255
L__vdelay_us10:
0x0057	0x1803      	BTFSC      STATUS, 0
0x0058	0x2864      	GOTO       L_vdelay_us1
;servo1.c,11 :: 		while(TMR0<250);
L_vdelay_us2:
0x0059	0x30FA      	MOVLW      250
0x005A	0x0201      	SUBWF      TMR0, 0
0x005B	0x1803      	BTFSC      STATUS, 0
0x005C	0x285E      	GOTO       L_vdelay_us3
0x005D	0x2859      	GOTO       L_vdelay_us2
L_vdelay_us3:
;servo1.c,12 :: 		x=x-250;
0x005E	0x30FA      	MOVLW      250
0x005F	0x02A4      	SUBWF      FARG_vdelay_us_x, 1
0x0060	0x1C03      	BTFSS      STATUS, 0
0x0061	0x03A5      	DECF       FARG_vdelay_us_x+1, 1
;servo1.c,13 :: 		TMR0=0;
0x0062	0x0181      	CLRF       TMR0
;servo1.c,14 :: 		}
0x0063	0x284E      	GOTO       L_vdelay_us0
L_vdelay_us1:
;servo1.c,15 :: 		while(x>TMR0);
L_vdelay_us4:
0x0064	0x3080      	MOVLW      128
0x0065	0x00F0      	MOVWF      R0
0x0066	0x3080      	MOVLW      128
0x0067	0x0625      	XORWF      FARG_vdelay_us_x+1, 0
0x0068	0x0270      	SUBWF      R0, 0
0x0069	0x1D03      	BTFSS      STATUS, 2
0x006A	0x286D      	GOTO       L__vdelay_us11
0x006B	0x0824      	MOVF       FARG_vdelay_us_x, 0
0x006C	0x0201      	SUBWF      TMR0, 0
L__vdelay_us11:
0x006D	0x1803      	BTFSC      STATUS, 0
0x006E	0x2870      	GOTO       L_vdelay_us5
0x006F	0x2864      	GOTO       L_vdelay_us4
L_vdelay_us5:
;servo1.c,16 :: 		}
L_end_vdelay_us:
0x0070	0x0008      	RETURN
; end of _vdelay_us
_main:
;servo1.c,17 :: 		void main()
;servo1.c,20 :: 		trisb=0;
0x0071	0x1683      	BSF        STATUS, 5
0x0072	0x1303      	BCF        STATUS, 6
0x0073	0x0186      	CLRF       TRISB
;servo1.c,21 :: 		vdelay_init();
0x0074	0x2011      	CALL       _vdelay_init
;servo1.c,22 :: 		while(1)
L_main6:
;servo1.c,24 :: 		time=adc_read(0);
0x0075	0x1283      	BCF        STATUS, 5
0x0076	0x01A4      	CLRF       FARG_ADC_Read_channel
0x0077	0x2016      	CALL       _ADC_Read
0x0078	0x0870      	MOVF       R0, 0
0x0079	0x1283      	BCF        STATUS, 5
0x007A	0x00A2      	MOVWF      main_time_L0
0x007B	0x0871      	MOVF       R0+1, 0
0x007C	0x00A3      	MOVWF      main_time_L0+1
;servo1.c,25 :: 		rb7_bit=1;
0x007D	0x1786      	BSF        RB7_bit, 7
;servo1.c,26 :: 		rb6_bit=1;
0x007E	0x1706      	BSF        RB6_bit, 6
;servo1.c,27 :: 		vdelay_us(1000+time);
0x007F	0x0870      	MOVF       R0, 0
0x0080	0x3EE8      	ADDLW      232
0x0081	0x00A4      	MOVWF      FARG_vdelay_us_x
0x0082	0x3003      	MOVLW      3
0x0083	0x1803      	BTFSC      STATUS, 0
0x0084	0x3E01      	ADDLW      1
0x0085	0x0771      	ADDWF      R0+1, 0
0x0086	0x00A5      	MOVWF      FARG_vdelay_us_x+1
0x0087	0x2046      	CALL       _vdelay_us
;servo1.c,28 :: 		rb7_bit=0;
0x0088	0x1386      	BCF        RB7_bit, 7
;servo1.c,29 :: 		rb6_bit=0;
0x0089	0x1306      	BCF        RB6_bit, 6
;servo1.c,30 :: 		vdelay_us(20000-(1000+time));
0x008A	0x0822      	MOVF       main_time_L0, 0
0x008B	0x3EE8      	ADDLW      232
0x008C	0x00F0      	MOVWF      R0
0x008D	0x3003      	MOVLW      3
0x008E	0x1803      	BTFSC      STATUS, 0
0x008F	0x3E01      	ADDLW      1
0x0090	0x0723      	ADDWF      main_time_L0+1, 0
0x0091	0x00F1      	MOVWF      R0+1
0x0092	0x0870      	MOVF       R0, 0
0x0093	0x3C20      	SUBLW      32
0x0094	0x00A4      	MOVWF      FARG_vdelay_us_x
0x0095	0x0871      	MOVF       R0+1, 0
0x0096	0x1C03      	BTFSS      STATUS, 0
0x0097	0x3E01      	ADDLW      1
0x0098	0x3C4E      	SUBLW      78
0x0099	0x00A5      	MOVWF      FARG_vdelay_us_x+1
0x009A	0x2046      	CALL       _vdelay_us
;servo1.c,33 :: 		}
0x009B	0x2875      	GOTO       L_main6
;servo1.c,35 :: 		}
L_end_main:
0x009C	0x289C      	GOTO       $+0
; end of _main
Symbol List:
//** Routines locations **
//ADDRESS    SIZE    PROCEDURE
//----------------------------------------------
0x0003       [7]    _____DoICP
0x000A       [7]    _Delay_22us
0x0011       [5]    _vdelay_init
0x0016      [36]    _ADC_Read
0x003A      [12]    ___CC2DW
0x0046      [43]    _vdelay_us
0x0071      [44]    _main
//** Variables locations ** 
//ADDRESS    SIZE    VARIABLE
//----------------------------------------------
0x0000       [1]    INDF
0x0001       [1]    TMR0
0x0002       [1]    PCL
0x0003       [1]    STATUS
0x0004       [1]    FSR
0x0006       [0]    RB7_bit
0x0006       [0]    RB6_bit
0x000A       [1]    PCLATH
0x001E       [1]    ADRESH
0x001F       [1]    ADCON0
0x0020       [2]    ___DoICPAddr
0x0022       [2]    main_time_L0
0x0024       [1]    FARG_ADC_Read_channel
0x0024       [2]    FARG_vdelay_us_x
0x0070       [1]    R0
0x0071       [1]    R1
0x0072       [1]    R2
0x0073       [1]    R3
0x0074       [1]    R4
0x0075       [1]    R5
0x0076       [1]    R6
0x0077       [1]    R7
0x0078       [1]    R8
0x0079       [1]    R9
0x007A       [1]    R10
0x007B       [1]    R11
0x007C       [1]    R12
0x007D       [1]    R13
0x007E       [1]    R14
0x007F       [1]    R15
0x0081       [1]    OPTION_REG
0x0086       [1]    TRISB
0x009E       [1]    ADRESL
0x009F       [1]    ADCON1
//** Label List: ** 
//----------------------------------------------
  L_vdelay_us0
  L_vdelay_us1
  L_vdelay_us2
  L_vdelay_us3
  L_vdelay_us4
  L_vdelay_us5
  L_main6
  L_main7
  L_end_vdelay_init
  _vdelay_init
  L_end_vdelay_us
  _vdelay_us
  L__vdelay_us10
  L__vdelay_us11
  L_end_main
  _main
  L_ADC_Get_Sample0
  L_ADC_Get_Sample1
  L_ADC_Read2
  L_ADC_Read3
  L_end_ADC_Init
  _ADC_Init
  L_end_ADC_Get_Sample
  _ADC_Get_Sample
  L_end_ADC_Read
  _ADC_Read
  L_Delay_10us0
  L_Delay_22us1
  L_Delay_50us2
  L_Delay_80us3
  L_Delay_500us4
  L_Delay_5500us5
  L_Delay_1ms6
  L_Delay_5ms7
  L_Delay_8ms8
  L_Delay_10ms9
  L_Delay_100ms10
  L_Delay_1sec11
  L_boot16_Delay_5ms12
  L_Delay_Cyc13
  L_Delay_Cyc14
  L_VDelay_ms15
  L_VDelay_ms16
  L_VDelay_ms17
  L_VDelay_Advanced_ms18
  L_VDelay_Advanced_ms19
  L_VDelay_Advanced_ms20
  L_end_Get_Fosc_kHz
  _Get_Fosc_kHz
  L_end_Delay_1us
  _Delay_1us
  L_end_Delay_10us
  _Delay_10us
  L_end_Delay_22us
  _Delay_22us
  L_end_Delay_50us
  _Delay_50us
  L_end_Delay_80us
  _Delay_80us
  L_end_Delay_500us
  _Delay_500us
  L_end_Delay_5500us
  _Delay_5500us
  L_end_Delay_1ms
  _Delay_1ms
  L_end_Delay_5ms
  _Delay_5ms
  L_end_Delay_8ms
  _Delay_8ms
  L_end_Delay_10ms
  _Delay_10ms
  L_end_Delay_100ms
  _Delay_100ms
  L_end_Delay_1sec
  _Delay_1sec
  L_end_boot16_Delay_5ms
  _boot16_Delay_5ms
  L_end_Delay_Cyc
  _Delay_Cyc
  L_end_VDelay_ms
  _VDelay_ms
  L__VDelay_ms38
  L__VDelay_ms39
  L__VDelay_ms40
  L_end_VDelay_Advanced_ms
  _VDelay_Advanced_ms
  L__VDelay_Advanced_ms42
  L__VDelay_Advanced_ms43
  L__VDelay_Advanced_ms44
  L_loopCA2AWs
  L_CA2AWend
  _CCA2AW_Loop1
  L_loopCS2Ss
  L_CS2Send
  _CCS2S_Loop1
  L_CCS2Send
  L_loopFZinSWs
  L_FZinSend
  _CC2D_Loop1
  L_end_____DoICP
  _____DoICP
  L_end_____DoIFC
  _____DoIFC
  L_end___CA2AW
  ___CA2AW
  L_end___CCA2AW
  ___CCA2AW
  L_end___CS2S
  ___CS2S
  L_end___CCS2S
  ___CCS2S
  L_end___FZinS
  ___FZinS
  L_end___CC2DW
  ___CC2DW
  L_end_Swap
  _Swap
