;  LST file generated by mikroListExporter - v.2.0 
; Date/Time: 27/04/2015 09:42:41 ã
;----------------------------------------------

;Address Opcode 	ASM
0x0000	0x2866      	GOTO       102
_interrupt:
0x0004	0x00FF      	MOVWF      R15
0x0005	0x0E03      	SWAPF      STATUS, 0
0x0006	0x0183      	CLRF       STATUS
0x0007	0x00A4      	MOVWF      ___saveSTATUS
0x0008	0x080A      	MOVF       PCLATH, 0
0x0009	0x00A5      	MOVWF      ___savePCLATH
0x000A	0x018A      	CLRF       PCLATH
;pro1.c,20 :: 		void interrupt()
;pro1.c,22 :: 		tmr1l=0xDF;
0x000B	0x30DF      	MOVLW      223
0x000C	0x008E      	MOVWF      TMR1L
;pro1.c,23 :: 		tmr1h=0xB1;
0x000D	0x30B1      	MOVLW      177
0x000E	0x008F      	MOVWF      TMR1H
;pro1.c,24 :: 		if(pir1.tmr1if==1){
0x000F	0x1C0C      	BTFSS      PIR1, 0
0x0010	0x281C      	GOTO       L_interrupt6
;pro1.c,25 :: 		rd3_bit=1;
0x0011	0x1588      	BSF        RD3_bit, 3
;pro1.c,26 :: 		vdelay_us(1000+time);
0x0012	0x0820      	MOVF       _time, 0
0x0013	0x3EE8      	ADDLW      232
0x0014	0x00A6      	MOVWF      FARG_vdelay_us_x
0x0015	0x3003      	MOVLW      3
0x0016	0x1803      	BTFSC      STATUS, 0
0x0017	0x3E01      	ADDLW      1
0x0018	0x0721      	ADDWF      _time+1, 0
0x0019	0x00A7      	MOVWF      FARG_vdelay_us_x+1
0x001A	0x203B      	CALL       _vdelay_us
;pro1.c,27 :: 		rd3_bit=0;
0x001B	0x1188      	BCF        RD3_bit, 3
;pro1.c,28 :: 		}
L_interrupt6:
;pro1.c,29 :: 		pir1.tmr1if=0;
0x001C	0x100C      	BCF        PIR1, 0
;pro1.c,30 :: 		}
L__interrupt12:
0x001D	0x0825      	MOVF       ___savePCLATH, 0
0x001E	0x008A      	MOVWF      PCLATH
0x001F	0x0E24      	SWAPF      ___saveSTATUS, 0
0x0020	0x0083      	MOVWF      STATUS
0x0021	0x0EFF      	SWAPF      R15, 1
0x0022	0x0E7F      	SWAPF      R15, 0
0x0023	0x0009      	RETFIE
; end of _interrupt
_____DoICP:
;__Lib_System.c,6 :: 		
;__Lib_System.c,9 :: 		
0x0024	0x1283      	BCF        STATUS, 5
0x0025	0x1303      	BCF        STATUS, 6
0x0026	0x0823      	MOVF       ___DoICPAddr+1, 0
0x0027	0x008A      	MOVWF      PCLATH
;__Lib_System.c,10 :: 		
0x0028	0x0822      	MOVF       ___DoICPAddr, 0
0x0029	0x0082      	MOVWF      PCL
;__Lib_System.c,12 :: 		
L_end_____DoICP:
0x002A	0x0008      	RETURN
; end of _____DoICP
_vdelay_init:
;pro1.c,4 :: 		void vdelay_init()
;pro1.c,6 :: 		OPTION_REG = 0b00000000; //page 105  timer 0 count every 1 u sec
0x002B	0x1683      	BSF        STATUS, 5
0x002C	0x1303      	BCF        STATUS, 6
0x002D	0x0181      	CLRF       OPTION_REG
;pro1.c,7 :: 		}
0x002E	0x0008      	RETURN
; end of _vdelay_init
___CC2DW:
;__Lib_System.c,134 :: 		
;__Lib_System.c,137 :: 		
_CC2D_Loop1:
;__Lib_System.c,139 :: 		
0x002F	0x2024      	CALL       _____DoICP
0x0030	0x118A      	BCF        PCLATH, 3
0x0031	0x120A      	BCF        PCLATH, 4
;__Lib_System.c,141 :: 		
0x0032	0x0080      	MOVWF      INDF
;__Lib_System.c,142 :: 		
0x0033	0x0A84      	INCF       FSR, 1
;__Lib_System.c,143 :: 		
0x0034	0x0AA2      	INCF       ___DoICPAddr, 1
;__Lib_System.c,145 :: 		
0x0035	0x1903      	BTFSC      STATUS, 2
;__Lib_System.c,146 :: 		
0x0036	0x0AA3      	INCF       ___DoICPAddr+1, 1
;__Lib_System.c,147 :: 		
0x0037	0x03F0      	DECF       R0, 1
;__Lib_System.c,149 :: 		
0x0038	0x1D03      	BTFSS      STATUS, 2
;__Lib_System.c,150 :: 		
0x0039	0x282F      	GOTO       _CC2D_Loop1
;__Lib_System.c,152 :: 		
L_end___CC2DW:
0x003A	0x0008      	RETURN
; end of ___CC2DW
_vdelay_us:
;pro1.c,8 :: 		void vdelay_us(int x)
;pro1.c,10 :: 		x=x/2;
0x003B	0x1283      	BCF        STATUS, 5
0x003C	0x1303      	BCF        STATUS, 6
0x003D	0x0CA7      	RRF        FARG_vdelay_us_x+1, 1
0x003E	0x0CA6      	RRF        FARG_vdelay_us_x, 1
0x003F	0x13A7      	BCF        FARG_vdelay_us_x+1, 7
0x0040	0x1B27      	BTFSC      FARG_vdelay_us_x+1, 6
0x0041	0x17A7      	BSF        FARG_vdelay_us_x+1, 7
;pro1.c,11 :: 		TMR0=0;
0x0042	0x0181      	CLRF       TMR0
;pro1.c,12 :: 		while(x>255)
L_vdelay_us0:
0x0043	0x3080      	MOVLW      128
0x0044	0x00F0      	MOVWF      R0
0x0045	0x3080      	MOVLW      128
0x0046	0x0627      	XORWF      FARG_vdelay_us_x+1, 0
0x0047	0x0270      	SUBWF      R0, 0
0x0048	0x1D03      	BTFSS      STATUS, 2
0x0049	0x284C      	GOTO       L__vdelay_us10
0x004A	0x0826      	MOVF       FARG_vdelay_us_x, 0
0x004B	0x3CFF      	SUBLW      255
L__vdelay_us10:
0x004C	0x1803      	BTFSC      STATUS, 0
0x004D	0x2859      	GOTO       L_vdelay_us1
;pro1.c,14 :: 		while(TMR0<250);
L_vdelay_us2:
0x004E	0x30FA      	MOVLW      250
0x004F	0x0201      	SUBWF      TMR0, 0
0x0050	0x1803      	BTFSC      STATUS, 0
0x0051	0x2853      	GOTO       L_vdelay_us3
0x0052	0x284E      	GOTO       L_vdelay_us2
L_vdelay_us3:
;pro1.c,15 :: 		x=x-250;
0x0053	0x30FA      	MOVLW      250
0x0054	0x02A6      	SUBWF      FARG_vdelay_us_x, 1
0x0055	0x1C03      	BTFSS      STATUS, 0
0x0056	0x03A7      	DECF       FARG_vdelay_us_x+1, 1
;pro1.c,16 :: 		TMR0=0;
0x0057	0x0181      	CLRF       TMR0
;pro1.c,17 :: 		}
0x0058	0x2843      	GOTO       L_vdelay_us0
L_vdelay_us1:
;pro1.c,18 :: 		while(x>TMR0);
L_vdelay_us4:
0x0059	0x3080      	MOVLW      128
0x005A	0x00F0      	MOVWF      R0
0x005B	0x3080      	MOVLW      128
0x005C	0x0627      	XORWF      FARG_vdelay_us_x+1, 0
0x005D	0x0270      	SUBWF      R0, 0
0x005E	0x1D03      	BTFSS      STATUS, 2
0x005F	0x2862      	GOTO       L__vdelay_us11
0x0060	0x0826      	MOVF       FARG_vdelay_us_x, 0
0x0061	0x0201      	SUBWF      TMR0, 0
L__vdelay_us11:
0x0062	0x1803      	BTFSC      STATUS, 0
0x0063	0x2865      	GOTO       L_vdelay_us5
0x0064	0x2859      	GOTO       L_vdelay_us4
L_vdelay_us5:
;pro1.c,19 :: 		}
0x0065	0x0008      	RETURN
; end of _vdelay_us
_main:
;pro1.c,31 :: 		void main() {
;pro1.c,32 :: 		trisd=0;
0x0066	0x1683      	BSF        STATUS, 5
0x0067	0x1303      	BCF        STATUS, 6
0x0068	0x0188      	CLRF       TRISD
;pro1.c,33 :: 		pie1=0b00000001;
0x0069	0x3001      	MOVLW      1
0x006A	0x008C      	MOVWF      PIE1
;pro1.c,34 :: 		intcon=0b11000000;
0x006B	0x30C0      	MOVLW      192
0x006C	0x008B      	MOVWF      INTCON
;pro1.c,35 :: 		t1con=0b00000101;
0x006D	0x3005      	MOVLW      5
0x006E	0x1283      	BCF        STATUS, 5
0x006F	0x0090      	MOVWF      T1CON
;pro1.c,36 :: 		vdelay_init();
0x0070	0x202B      	CALL       _vdelay_init
;pro1.c,37 :: 		tmr1l=0xDF;
0x0071	0x30DF      	MOVLW      223
0x0072	0x1283      	BCF        STATUS, 5
0x0073	0x008E      	MOVWF      TMR1L
;pro1.c,38 :: 		tmr1h=0xB1;
0x0074	0x30B1      	MOVLW      177
0x0075	0x008F      	MOVWF      TMR1H
;pro1.c,39 :: 		time=0;
0x0076	0x01A0      	CLRF       _time
0x0077	0x01A1      	CLRF       _time+1
;pro1.c,40 :: 		delay_ms(5000);
0x0078	0x301A      	MOVLW      26
0x0079	0x00FB      	MOVWF      R11
0x007A	0x305E      	MOVLW      94
0x007B	0x00FC      	MOVWF      R12
0x007C	0x306E      	MOVLW      110
0x007D	0x00FD      	MOVWF      R13
L_main7:
0x007E	0x0BFD      	DECFSZ     R13, 1
0x007F	0x287E      	GOTO       L_main7
0x0080	0x0BFC      	DECFSZ     R12, 1
0x0081	0x287E      	GOTO       L_main7
0x0082	0x0BFB      	DECFSZ     R11, 1
0x0083	0x287E      	GOTO       L_main7
0x0084	0x0000      	NOP
;pro1.c,41 :: 		while(1)
L_main8:
;pro1.c,43 :: 		time=138;
0x0085	0x308A      	MOVLW      138
0x0086	0x00A0      	MOVWF      _time
0x0087	0x01A1      	CLRF       _time+1
;pro1.c,44 :: 		}
0x0088	0x2885      	GOTO       L_main8
;pro1.c,45 :: 		}
0x0089	0x2889      	GOTO       $+0
; end of _main
Symbol List:
//** Routines locations **
//ADDRESS    SIZE    PROCEDURE
//----------------------------------------------
0x0004      [32]    _interrupt
0x0024       [7]    _____DoICP
0x002B       [4]    _vdelay_init
0x002F      [12]    ___CC2DW
0x003B      [43]    _vdelay_us
0x0066      [36]    _main
//** Variables locations ** 
//ADDRESS    SIZE    VARIABLE
//----------------------------------------------
0x0000       [1]    INDF
0x0001       [1]    TMR0
0x0002       [1]    PCL
0x0003       [0]    NOT_TO_bit
0x0003       [0]    RP1_bit
0x0003       [1]    STATUS
0x0003       [0]    DC_bit
0x0003       [0]    C_bit
0x0003       [0]    NOT_PD_bit
0x0003       [0]    Z_bit
0x0003       [0]    IRP_bit
0x0003       [0]    RP0_bit
0x0004       [1]    FSR
0x0004       [1]    FSRPTR
0x0005       [1]    PORTA
0x0005       [0]    RA4_bit
0x0005       [0]    RA2_bit
0x0005       [0]    RA1_bit
0x0005       [0]    RA5_bit
0x0005       [0]    RA3_bit
0x0005       [0]    RA0_bit
0x0006       [1]    PORTB
0x0006       [0]    RB5_bit
0x0006       [0]    RB6_bit
0x0006       [0]    RB1_bit
0x0006       [0]    RB4_bit
0x0006       [0]    RB0_bit
0x0006       [0]    RB3_bit
0x0006       [0]    RB7_bit
0x0006       [0]    RB2_bit
0x0007       [0]    RC2_bit
0x0007       [0]    RC7_bit
0x0007       [0]    RC5_bit
0x0007       [0]    RC1_bit
0x0007       [0]    RC0_bit
0x0007       [1]    PORTC
0x0007       [0]    RC4_bit
0x0007       [0]    RC3_bit
0x0007       [0]    RC6_bit
0x0008       [0]    RD1_bit
0x0008       [1]    PORTD
0x0008       [0]    RD0_bit
0x0008       [0]    RD5_bit
0x0008       [0]    RD6_bit
0x0008       [0]    RD7_bit
0x0008       [0]    RD2_bit
0x0008       [0]    RD3_bit
0x0008       [0]    RD4_bit
0x0009       [1]    PORTE
0x0009       [0]    RE2_bit
0x0009       [0]    RE1_bit
0x0009       [0]    RE0_bit
0x000A       [1]    PCLATH
0x000B       [0]    TMR0IF_bit
0x000B       [0]    T0IE_bit
0x000B       [0]    INTF_bit
0x000B       [0]    RBIE_bit
0x000B       [0]    TMR0IE_bit
0x000B       [0]    GIE_bit
0x000B       [1]    INTCON
0x000B       [0]    PEIE_bit
0x000B       [0]    RBIF_bit
0x000B       [0]    T0IF_bit
0x000B       [0]    INTE_bit
0x000C       [0]    TMR1IF_bit
0x000C       [1]    PIR1
0x000C       [0]    TXIF_bit
0x000C       [0]    CCP1IF_bit
0x000C       [0]    TMR2IF_bit
0x000C       [0]    SSPIF_bit
0x000C       [0]    RCIF_bit
0x000C       [0]    PSPIF_bit
0x000C       [0]    ADIF_bit
0x000D       [0]    EEIF_bit
0x000D       [0]    CMIF_bit
0x000D       [1]    PIR2
0x000D       [0]    BCLIF_bit
0x000D       [0]    CCP2IF_bit
0x000E       [1]    TMR1L
0x000F       [1]    TMR1H
0x0010       [0]    T1CKPS1_bit
0x0010       [0]    T1OSCEN_bit
0x0010       [0]    T1SYNC_bit
0x0010       [0]    T1CKPS0_bit
0x0010       [0]    NOT_T1SYNC_bit
0x0010       [0]    TMR1ON_bit
0x0010       [1]    T1CON
0x0010       [0]    TMR1CS_bit
0x0010       [0]    T1INSYNC_bit
0x0011       [1]    TMR2
0x0012       [0]    TOUTPS3_bit
0x0012       [0]    TOUTPS2_bit
0x0012       [0]    TMR2ON_bit
0x0012       [0]    T2CKPS0_bit
0x0012       [0]    T2CKPS1_bit
0x0012       [0]    TOUTPS0_bit
0x0012       [1]    T2CON
0x0012       [0]    TOUTPS1_bit
0x0013       [1]    SSPBUF
0x0014       [0]    SSPM1_bit
0x0014       [0]    SSPM3_bit
0x0014       [0]    SSPM2_bit
0x0014       [0]    WCOL_bit
0x0014       [1]    SSPCON
0x0014       [0]    SSPOV_bit
0x0014       [0]    CKP_bit
0x0014       [0]    SSPM0_bit
0x0014       [0]    SSPEN_bit
0x0015       [1]    CCPR1L
0x0015       [2]    CCPR1
0x0016       [1]    CCPR1H
0x0017       [0]    CCP1M3_bit
0x0017       [0]    CCP1M2_bit
0x0017       [0]    CCP1Y_bit
0x0017       [1]    CCP1CON
0x0017       [0]    CCP1X_bit
0x0017       [0]    CCP1M1_bit
0x0017       [0]    CCP1M0_bit
0x0018       [0]    FERR_bit
0x0018       [1]    RCSTA
0x0018       [0]    RX9D_bit
0x0018       [0]    OERR_bit
0x0018       [0]    ADDEN_bit
0x0018       [0]    RC9_bit
0x0018       [0]    RX9_bit
0x0018       [0]    RCD8_bit
0x0018       [0]    SPEN_bit
0x0018       [0]    NOT_RC8_bit
0x0018       [0]    SREN_bit
0x0018       [0]    CREN_bit
0x0018       [0]    RC8_9_bit
0x0019       [1]    TXREG
0x001A       [1]    RCREG
0x001B       [1]    CCPR2L
0x001B       [2]    CCPR2
0x001C       [1]    CCPR2H
0x001D       [0]    CCP2M2_bit
0x001D       [0]    CCP2M1_bit
0x001D       [0]    CCP2Y_bit
0x001D       [0]    CCP2X_bit
0x001D       [1]    CCP2CON
0x001D       [0]    CCP2M0_bit
0x001D       [0]    CCP2M3_bit
0x001E       [1]    ADRESH
0x001F       [0]    CHS1_bit
0x001F       [0]    ADON_bit
0x001F       [0]    GO_NOT_DONE_bit
0x001F       [0]    CHS0_bit
0x001F       [0]    GO_bit
0x001F       [0]    NOT_DONE_bit
0x001F       [1]    ADCON0
0x001F       [0]    GO_DONE_bit
0x001F       [0]    ADCS0_bit
0x001F       [0]    CHS2_bit
0x001F       [0]    ADCS1_bit
0x0020       [2]    _time
0x0022       [2]    ___DoICPAddr
0x0024       [1]    ___saveSTATUS
0x0025       [1]    ___savePCLATH
0x0026       [2]    FARG_vdelay_us_x
0x0070       [1]    R0
0x0071       [1]    R1
0x0072       [1]    R2
0x0073       [1]    R3
0x0074       [1]    R4
0x0075       [1]    R5
0x0076       [1]    R6
0x0077       [1]    R7
0x0078       [1]    R8
0x0079       [1]    R9
0x007A       [1]    R10
0x007B       [1]    R11
0x007C       [1]    R12
0x007D       [1]    R13
0x007E       [1]    R14
0x007F       [1]    R15
0x0081       [0]    NOT_RBPU_bit
0x0081       [0]    PSA_bit
0x0081       [1]    OPTION_REG
0x0081       [0]    PS1_bit
0x0081       [0]    T0CS_bit
0x0081       [0]    INTEDG_bit
0x0081       [0]    PS0_bit
0x0081       [0]    PS2_bit
0x0081       [0]    T0SE_bit
0x0085       [0]    TRISA0_bit
0x0085       [0]    TRISA1_bit
0x0085       [0]    TRISA5_bit
0x0085       [1]    TRISA
0x0085       [0]    TRISA3_bit
0x0085       [0]    TRISA2_bit
0x0085       [0]    TRISA4_bit
0x0086       [0]    TRISB0_bit
0x0086       [1]    TRISB
0x0086       [0]    TRISB1_bit
0x0086       [0]    TRISB4_bit
0x0086       [0]    TRISB6_bit
0x0086       [0]    TRISB5_bit
0x0086       [0]    TRISB2_bit
0x0086       [0]    TRISB3_bit
0x0086       [0]    TRISB7_bit
0x0087       [0]    TRISC0_bit
0x0087       [1]    TRISC
0x0087       [0]    TRISC1_bit
0x0087       [0]    TRISC5_bit
0x0087       [0]    TRISC6_bit
0x0087       [0]    TRISC7_bit
0x0087       [0]    TRISC4_bit
0x0087       [0]    TRISC2_bit
0x0087       [0]    TRISC3_bit
0x0088       [1]    TRISD
0x0088       [0]    TRISD3_bit
0x0088       [0]    TRISD4_bit
0x0088       [0]    TRISD2_bit
0x0088       [0]    TRISD0_bit
0x0088       [0]    TRISD1_bit
0x0088       [0]    TRISD5_bit
0x0088       [0]    TRISD6_bit
0x0088       [0]    TRISD7_bit
0x0089       [0]    PSPMODE_bit
0x0089       [0]    PSPMODE_TRISE_bit
0x0089       [0]    IBF_TRISE_bit
0x0089       [0]    OBF_TRISE_bit
0x0089       [0]    IBOV_TRISE_bit
0x0089       [0]    TRISE0_bit
0x0089       [1]    TRISE
0x0089       [0]    IBF_bit
0x0089       [0]    IBOV_bit
0x0089       [0]    OBF_bit
0x0089       [0]    TRISE1_bit
0x0089       [0]    TRISE2_bit
0x008C       [0]    SSPIE_bit
0x008C       [0]    TMR1IE_bit
0x008C       [0]    TMR2IE_bit
0x008C       [0]    CCP1IE_bit
0x008C       [0]    PSPIE_bit
0x008C       [1]    PIE1
0x008C       [0]    ADIE_bit
0x008C       [0]    TXIE_bit
0x008C       [0]    RCIE_bit
0x008D       [0]    CMIE_bit
0x008D       [1]    PIE2
0x008D       [0]    BCLIE_bit
0x008D       [0]    CCP2IE_bit
0x008D       [0]    EEIE_bit
0x008E       [1]    PCON
0x008E       [0]    NOT_POR_bit
0x008E       [0]    NOT_BOR_bit
0x008E       [0]    NOT_BO_bit
0x0091       [1]    SSPCON2
0x0091       [0]    PEN_bit
0x0091       [0]    RCEN_bit
0x0091       [0]    SEN_bit
0x0091       [0]    RSEN_bit
0x0091       [0]    ACKSTAT_bit
0x0091       [0]    GCEN_bit
0x0091       [0]    ACKEN_bit
0x0091       [0]    ACKDT_bit
0x0092       [1]    PR2
0x0093       [1]    SSPADD
0x0094       [1]    SSPSTAT
0x0094       [0]    D_bit
0x0094       [0]    R_bit
0x0094       [0]    I2C_START__bit
0x0094       [0]    I2C_READ_bit
0x0094       [0]    D_NOT_A_bit
0x0094       [0]    P_bit
0x0094       [0]    SMP_bit
0x0094       [0]    CKE_bit
0x0094       [0]    NOT_ADDRESS_bit
0x0094       [0]    NOT_WRITE_bit
0x0094       [0]    D_A_bit
0x0094       [0]    R_W_bit
0x0094       [0]    I2C_DATA_bit
0x0094       [0]    I2C_STOP__bit
0x0094       [0]    NOT_A_bit
0x0094       [0]    NOT_W_bit
0x0094       [0]    BF_bit
0x0094       [0]    READ_WRITE_bit
0x0094       [0]    DATA_ADDRESS_bit
0x0094       [0]    S_bit
0x0094       [0]    R_NOT_W_bit
0x0094       [0]    UA_bit
0x0098       [0]    CSRC_bit
0x0098       [0]    TX9_bit
0x0098       [0]    TXD8_bit
0x0098       [0]    TX8_9_bit
0x0098       [0]    NOT_TX8_bit
0x0098       [0]    TRMT_bit
0x0098       [0]    TX9D_bit
0x0098       [0]    BRGH_bit
0x0098       [0]    TXEN_bit
0x0098       [0]    SYNC_bit
0x0098       [1]    TXSTA
0x0099       [1]    SPBRG
0x009C       [0]    C2INV_bit
0x009C       [0]    CIS_bit
0x009C       [0]    C1INV_bit
0x009C       [0]    CM1_bit
0x009C       [0]    CM2_bit
0x009C       [0]    CM0_bit
0x009C       [0]    C1OUT_bit
0x009C       [0]    C2OUT_bit
0x009C       [1]    CMCON
0x009D       [0]    CVREN_bit
0x009D       [0]    CVRR_bit
0x009D       [0]    CVROE_bit
0x009D       [0]    CVR2_bit
0x009D       [0]    CVR3_bit
0x009D       [0]    CVR0_bit
0x009D       [0]    CVR1_bit
0x009D       [1]    CVRCON
0x009E       [1]    ADRESL
0x009F       [0]    ADFM_bit
0x009F       [0]    ADCS2_bit
0x009F       [0]    PCFG2_bit
0x009F       [0]    PCFG3_bit
0x009F       [0]    PCFG0_bit
0x009F       [0]    PCFG1_bit
0x009F       [1]    ADCON1
0x010C       [1]    EEDATA
0x010D       [1]    EEADR
0x010E       [1]    EEDATH
0x010F       [1]    EEADRH
0x018C       [0]    WREN_bit
0x018C       [0]    WRERR_bit
0x018C       [0]    EEPGD_bit
0x018C       [0]    WR_bit
0x018C       [1]    EECON1
0x018C       [0]    RD_bit
0x018D       [1]    EECON2
//** Label List: ** 
//----------------------------------------------
  L_vdelay_us0
  L_vdelay_us1
  L_vdelay_us2
  L_vdelay_us3
  L_vdelay_us4
  L_vdelay_us5
  L_interrupt6
  L_main7
  L_main8
  L_main9
  _vdelay_init
  _vdelay_us
  L__vdelay_us10
  L__vdelay_us11
  _interrupt
  L__interrupt12
  _main
  L_loopCA2AWs
  L_CA2AWend
  _CCA2AW_Loop1
  L_loopCS2Ss
  L_CS2Send
  _CCS2S_Loop1
  L_CCS2Send
  L_loopFZinSWs
  L_FZinSend
  _CC2D_Loop1
  L_end_____DoICP
  _____DoICP
  L_end_____DoIFC
  _____DoIFC
  L_end___CA2AW
  ___CA2AW
  L_end___CCA2AW
  ___CCA2AW
  L_end___CS2S
  ___CS2S
  L_end___CCS2S
  ___CCS2S
  L_end___FZinS
  ___FZinS
  L_end___CC2DW
  ___CC2DW
  L_end_Swap
  _Swap
  L_vdelay_us0
  L_vdelay_us1
  L_vdelay_us2
  L_vdelay_us3
  L_vdelay_us4
  L_vdelay_us5
  L_interrupt6
  L_main7
  L_main8
  L_main9
  _vdelay_init
  _vdelay_us
  L__vdelay_us10
  L__vdelay_us11
  _interrupt
  L__interrupt12
  _main
