;  LST file generated by mikroListExporter - v.2.0 
; Date/Time: 23/11/2013 08:18:29 ã
;----------------------------------------------

;Address Opcode 	ASM
0x0000	0x28A0      	GOTO       160
_interrupt:
0x0004	0x00FF      	MOVWF      R15
0x0005	0x0E03      	SWAPF      STATUS, 0
0x0006	0x0183      	CLRF       STATUS
0x0007	0x00A7      	MOVWF      ___saveSTATUS
0x0008	0x080A      	MOVF       PCLATH, 0
0x0009	0x00A8      	MOVWF      ___savePCLATH
0x000A	0x018A      	CLRF       PCLATH
0x000B	0x0870      	MOVF       R0, 0
0x000C	0x00A0      	MOVWF      32
;1st.c,20 :: 		void interrupt()
;1st.c,22 :: 		tmr1l=0xDF;
0x000D	0x30DF      	MOVLW      223
0x000E	0x008E      	MOVWF      TMR1L
;1st.c,23 :: 		tmr1h=0xB1;
0x000F	0x30B1      	MOVLW      177
0x0010	0x008F      	MOVWF      TMR1H
;1st.c,24 :: 		if(pir1.tmr1if==1){
0x0011	0x1C0C      	BTFSS      PIR1, 0
0x0012	0x2829      	GOTO       L_interrupt6
;1st.c,25 :: 		rb7_bit=1;
0x0013	0x1786      	BSF        RB7_bit, 7
;1st.c,26 :: 		vdelay_us(1000+time);
0x0014	0x0825      	MOVF       _time, 0
0x0015	0x3EE8      	ADDLW      232
0x0016	0x00AE      	MOVWF      FARG_vdelay_us_x
0x0017	0x3003      	MOVLW      3
0x0018	0x1803      	BTFSC      STATUS, 0
0x0019	0x3E01      	ADDLW      1
0x001A	0x0726      	ADDWF      _time+1, 0
0x001B	0x00AF      	MOVWF      FARG_vdelay_us_x+1
0x001C	0x2069      	CALL       _vdelay_us
;1st.c,27 :: 		rb7_bit=0;
0x001D	0x1386      	BCF        RB7_bit, 7
;1st.c,28 :: 		rb6_bit=1;
0x001E	0x1706      	BSF        RB6_bit, 6
;1st.c,29 :: 		vdelay_us(1000+time1);
0x001F	0x0823      	MOVF       _time1, 0
0x0020	0x3EE8      	ADDLW      232
0x0021	0x00AE      	MOVWF      FARG_vdelay_us_x
0x0022	0x3003      	MOVLW      3
0x0023	0x1803      	BTFSC      STATUS, 0
0x0024	0x3E01      	ADDLW      1
0x0025	0x0724      	ADDWF      _time1+1, 0
0x0026	0x00AF      	MOVWF      FARG_vdelay_us_x+1
0x0027	0x2069      	CALL       _vdelay_us
;1st.c,30 :: 		rb6_bit=0;}
0x0028	0x1306      	BCF        RB6_bit, 6
L_interrupt6:
;1st.c,31 :: 		pir1.tmr1if=0;
0x0029	0x100C      	BCF        PIR1, 0
;1st.c,32 :: 		}
L_end_interrupt:
L__interrupt21:
0x002A	0x0820      	MOVF       32, 0
0x002B	0x00F0      	MOVWF      R0
0x002C	0x0828      	MOVF       ___savePCLATH, 0
0x002D	0x008A      	MOVWF      PCLATH
0x002E	0x0E27      	SWAPF      ___saveSTATUS, 0
0x002F	0x0083      	MOVWF      STATUS
0x0030	0x0EFF      	SWAPF      R15, 1
0x0031	0x0E7F      	SWAPF      R15, 0
0x0032	0x0009      	RETFIE
; end of _interrupt
_____DoICP:
;__Lib_System.c,6 :: 		
;__Lib_System.c,9 :: 		
0x0033	0x1283      	BCF        STATUS, 5
0x0034	0x1303      	BCF        STATUS, 6
0x0035	0x0822      	MOVF       ___DoICPAddr+1, 0
0x0036	0x008A      	MOVWF      PCLATH
;__Lib_System.c,10 :: 		
0x0037	0x0821      	MOVF       ___DoICPAddr, 0
0x0038	0x0082      	MOVWF      PCL
;__Lib_System.c,12 :: 		
L_end_____DoICP:
0x0039	0x0008      	RETURN
; end of _____DoICP
_Delay_22us:
;__Lib_Delays.c,15 :: 		void Delay_22us() {
;__Lib_Delays.c,16 :: 		Delay_us(22);
0x003A	0x3007      	MOVLW      7
0x003B	0x1283      	BCF        STATUS, 5
0x003C	0x1303      	BCF        STATUS, 6
0x003D	0x00FD      	MOVWF      R13
L_Delay_22us1:
0x003E	0x0BFD      	DECFSZ     R13, 1
0x003F	0x283E      	GOTO       L_Delay_22us1
;__Lib_Delays.c,17 :: 		}
L_end_Delay_22us:
0x0040	0x0008      	RETURN
; end of _Delay_22us
_vdelay_init:
;1st.c,4 :: 		void vdelay_init()
;1st.c,6 :: 		OPTION_REG = 0b00000000; //page 105  timer 0 count every 1 u sec
0x0041	0x1683      	BSF        STATUS, 5
0x0042	0x1303      	BCF        STATUS, 6
0x0043	0x0181      	CLRF       OPTION_REG
;1st.c,7 :: 		}
L_end_vdelay_init:
0x0044	0x0008      	RETURN
; end of _vdelay_init
_ADC_Read:
;__Lib_ADC_A_C.c,45 :: 		
;__Lib_ADC_A_C.c,47 :: 		
0x0045	0x1283      	BCF        STATUS, 5
0x0046	0x1303      	BCF        STATUS, 6
0x0047	0x019F      	CLRF       ADCON0
;__Lib_ADC_A_C.c,48 :: 		
0x0048	0x30C0      	MOVLW      192
0x0049	0x049F      	IORWF      ADCON0, 1
;__Lib_ADC_A_C.c,49 :: 		
0x004A	0x1683      	BSF        STATUS, 5
0x004B	0x171F      	BSF        ADCON1, 6
;__Lib_ADC_A_C.c,50 :: 		
0x004C	0x179F      	BSF        ADCON1, 7
;__Lib_ADC_A_C.c,51 :: 		
0x004D	0x1283      	BCF        STATUS, 5
0x004E	0x082D      	MOVF       FARG_ADC_Read_channel, 0
0x004F	0x00F0      	MOVWF      R0
0x0050	0x0DF0      	RLF        R0, 1
0x0051	0x1070      	BCF        R0, 0
0x0052	0x0DF0      	RLF        R0, 1
0x0053	0x1070      	BCF        R0, 0
0x0054	0x0DF0      	RLF        R0, 1
0x0055	0x1070      	BCF        R0, 0
0x0056	0x0870      	MOVF       R0, 0
0x0057	0x049F      	IORWF      ADCON0, 1
;__Lib_ADC_A_C.c,54 :: 		
0x0058	0x141F      	BSF        ADCON0, 0
;__Lib_ADC_A_C.c,57 :: 		
0x0059	0x203A      	CALL       _Delay_22us
;__Lib_ADC_A_C.c,60 :: 		
0x005A	0x151F      	BSF        ADCON0, 2
;__Lib_ADC_A_C.c,63 :: 		
L_ADC_Read2:
0x005B	0x1D1F      	BTFSS      ADCON0, 2
0x005C	0x285F      	GOTO       L_ADC_Read3
;__Lib_ADC_A_C.c,64 :: 		
0x005D	0x0000      	NOP
0x005E	0x285B      	GOTO       L_ADC_Read2
L_ADC_Read3:
;__Lib_ADC_A_C.c,67 :: 		
0x005F	0x101F      	BCF        ADCON0, 0
;__Lib_ADC_A_C.c,70 :: 		
0x0060	0x081E      	MOVF       ADRESH, 0
0x0061	0x00F1      	MOVWF      R0+1
0x0062	0x01F0      	CLRF       R0
0x0063	0x1683      	BSF        STATUS, 5
0x0064	0x081E      	MOVF       ADRESL, 0
0x0065	0x04F0      	IORWF      R0, 1
0x0066	0x3000      	MOVLW      0
0x0067	0x04F1      	IORWF      R0+1, 1
;__Lib_ADC_A_C.c,71 :: 		
L_end_ADC_Read:
0x0068	0x0008      	RETURN
; end of _ADC_Read
_vdelay_us:
;1st.c,8 :: 		void vdelay_us(int x)
;1st.c,10 :: 		x=x/2;
0x0069	0x1283      	BCF        STATUS, 5
0x006A	0x1303      	BCF        STATUS, 6
0x006B	0x0CAF      	RRF        FARG_vdelay_us_x+1, 1
0x006C	0x0CAE      	RRF        FARG_vdelay_us_x, 1
0x006D	0x13AF      	BCF        FARG_vdelay_us_x+1, 7
0x006E	0x1B2F      	BTFSC      FARG_vdelay_us_x+1, 6
0x006F	0x17AF      	BSF        FARG_vdelay_us_x+1, 7
;1st.c,11 :: 		TMR0=0;
0x0070	0x0181      	CLRF       TMR0
;1st.c,12 :: 		while(x>255)
L_vdelay_us0:
0x0071	0x3080      	MOVLW      128
0x0072	0x00F0      	MOVWF      R0
0x0073	0x3080      	MOVLW      128
0x0074	0x062F      	XORWF      FARG_vdelay_us_x+1, 0
0x0075	0x0270      	SUBWF      R0, 0
0x0076	0x1D03      	BTFSS      STATUS, 2
0x0077	0x287A      	GOTO       L__vdelay_us18
0x0078	0x082E      	MOVF       FARG_vdelay_us_x, 0
0x0079	0x3CFF      	SUBLW      255
L__vdelay_us18:
0x007A	0x1803      	BTFSC      STATUS, 0
0x007B	0x2887      	GOTO       L_vdelay_us1
;1st.c,14 :: 		while(TMR0<250);
L_vdelay_us2:
0x007C	0x30FA      	MOVLW      250
0x007D	0x0201      	SUBWF      TMR0, 0
0x007E	0x1803      	BTFSC      STATUS, 0
0x007F	0x2881      	GOTO       L_vdelay_us3
0x0080	0x287C      	GOTO       L_vdelay_us2
L_vdelay_us3:
;1st.c,15 :: 		x=x-250;
0x0081	0x30FA      	MOVLW      250
0x0082	0x02AE      	SUBWF      FARG_vdelay_us_x, 1
0x0083	0x1C03      	BTFSS      STATUS, 0
0x0084	0x03AF      	DECF       FARG_vdelay_us_x+1, 1
;1st.c,16 :: 		TMR0=0;
0x0085	0x0181      	CLRF       TMR0
;1st.c,17 :: 		}
0x0086	0x2871      	GOTO       L_vdelay_us0
L_vdelay_us1:
;1st.c,18 :: 		while(x>TMR0);
L_vdelay_us4:
0x0087	0x3080      	MOVLW      128
0x0088	0x00F0      	MOVWF      R0
0x0089	0x3080      	MOVLW      128
0x008A	0x062F      	XORWF      FARG_vdelay_us_x+1, 0
0x008B	0x0270      	SUBWF      R0, 0
0x008C	0x1D03      	BTFSS      STATUS, 2
0x008D	0x2890      	GOTO       L__vdelay_us19
0x008E	0x082E      	MOVF       FARG_vdelay_us_x, 0
0x008F	0x0201      	SUBWF      TMR0, 0
L__vdelay_us19:
0x0090	0x1803      	BTFSC      STATUS, 0
0x0091	0x2893      	GOTO       L_vdelay_us5
0x0092	0x2887      	GOTO       L_vdelay_us4
L_vdelay_us5:
;1st.c,19 :: 		}
L_end_vdelay_us:
0x0093	0x0008      	RETURN
; end of _vdelay_us
___CC2DW:
;__Lib_System.c,134 :: 		
;__Lib_System.c,137 :: 		
_CC2D_Loop1:
;__Lib_System.c,139 :: 		
0x0094	0x2033      	CALL       _____DoICP
0x0095	0x118A      	BCF        PCLATH, 3
0x0096	0x120A      	BCF        PCLATH, 4
;__Lib_System.c,141 :: 		
0x0097	0x0080      	MOVWF      INDF
;__Lib_System.c,142 :: 		
0x0098	0x0A84      	INCF       FSR, 1
;__Lib_System.c,143 :: 		
0x0099	0x0AA1      	INCF       ___DoICPAddr, 1
;__Lib_System.c,145 :: 		
0x009A	0x1903      	BTFSC      STATUS, 2
;__Lib_System.c,146 :: 		
0x009B	0x0AA2      	INCF       ___DoICPAddr+1, 1
;__Lib_System.c,147 :: 		
0x009C	0x03F0      	DECF       R0, 1
;__Lib_System.c,149 :: 		
0x009D	0x1D03      	BTFSS      STATUS, 2
;__Lib_System.c,150 :: 		
0x009E	0x2894      	GOTO       _CC2D_Loop1
;__Lib_System.c,152 :: 		
L_end___CC2DW:
0x009F	0x0008      	RETURN
; end of ___CC2DW
_main:
;1st.c,33 :: 		void main() {
;1st.c,35 :: 		trisb=0;
0x00A0	0x1683      	BSF        STATUS, 5
0x00A1	0x1303      	BCF        STATUS, 6
0x00A2	0x0186      	CLRF       TRISB
;1st.c,36 :: 		trisd=0;
0x00A3	0x0188      	CLRF       TRISD
;1st.c,37 :: 		portd=0;
0x00A4	0x1283      	BCF        STATUS, 5
0x00A5	0x0188      	CLRF       PORTD
;1st.c,38 :: 		pie1=0b00000001;
0x00A6	0x3001      	MOVLW      1
0x00A7	0x1683      	BSF        STATUS, 5
0x00A8	0x008C      	MOVWF      PIE1
;1st.c,39 :: 		intcon=0b11000000;
0x00A9	0x30C0      	MOVLW      192
0x00AA	0x008B      	MOVWF      INTCON
;1st.c,40 :: 		t1con=0b00000101;
0x00AB	0x3005      	MOVLW      5
0x00AC	0x1283      	BCF        STATUS, 5
0x00AD	0x0090      	MOVWF      T1CON
;1st.c,41 :: 		vdelay_init();
0x00AE	0x2041      	CALL       _vdelay_init
;1st.c,42 :: 		tmr1l=0xDF;
0x00AF	0x30DF      	MOVLW      223
0x00B0	0x1283      	BCF        STATUS, 5
0x00B1	0x008E      	MOVWF      TMR1L
;1st.c,43 :: 		tmr1h=0xB1;
0x00B2	0x30B1      	MOVLW      177
0x00B3	0x008F      	MOVWF      TMR1H
;1st.c,44 :: 		while(1)
L_main7:
;1st.c,46 :: 		x=adc_read(0);
0x00B4	0x01AD      	CLRF       FARG_ADC_Read_channel
0x00B5	0x2045      	CALL       _ADC_Read
0x00B6	0x0870      	MOVF       R0, 0
0x00B7	0x1283      	BCF        STATUS, 5
0x00B8	0x00A9      	MOVWF      main_x_L0
0x00B9	0x0871      	MOVF       R0+1, 0
0x00BA	0x00AA      	MOVWF      main_x_L0+1
;1st.c,47 :: 		y=adc_read(1);
0x00BB	0x3001      	MOVLW      1
0x00BC	0x00AD      	MOVWF      FARG_ADC_Read_channel
0x00BD	0x2045      	CALL       _ADC_Read
0x00BE	0x0870      	MOVF       R0, 0
0x00BF	0x1283      	BCF        STATUS, 5
0x00C0	0x00AB      	MOVWF      main_y_L0
0x00C1	0x0871      	MOVF       R0+1, 0
0x00C2	0x00AC      	MOVWF      main_y_L0+1
;1st.c,48 :: 		if(x<100)
0x00C3	0x3080      	MOVLW      128
0x00C4	0x062A      	XORWF      main_x_L0+1, 0
0x00C5	0x00F0      	MOVWF      R0
0x00C6	0x3080      	MOVLW      128
0x00C7	0x0270      	SUBWF      R0, 0
0x00C8	0x1D03      	BTFSS      STATUS, 2
0x00C9	0x28CC      	GOTO       L__main23
0x00CA	0x3064      	MOVLW      100
0x00CB	0x0229      	SUBWF      main_x_L0, 0
L__main23:
0x00CC	0x1803      	BTFSC      STATUS, 0
0x00CD	0x28D1      	GOTO       L_main9
;1st.c,49 :: 		portd=0b00001001;
0x00CE	0x3009      	MOVLW      9
0x00CF	0x0088      	MOVWF      PORTD
0x00D0	0x28DF      	GOTO       L_main10
L_main9:
;1st.c,50 :: 		else if(x>800)
0x00D1	0x3080      	MOVLW      128
0x00D2	0x3A03      	XORLW      3
0x00D3	0x00F0      	MOVWF      R0
0x00D4	0x3080      	MOVLW      128
0x00D5	0x062A      	XORWF      main_x_L0+1, 0
0x00D6	0x0270      	SUBWF      R0, 0
0x00D7	0x1D03      	BTFSS      STATUS, 2
0x00D8	0x28DB      	GOTO       L__main24
0x00D9	0x0829      	MOVF       main_x_L0, 0
0x00DA	0x3C20      	SUBLW      32
L__main24:
0x00DB	0x1803      	BTFSC      STATUS, 0
0x00DC	0x28DF      	GOTO       L_main11
;1st.c,51 :: 		portd=0b00000110;
0x00DD	0x3006      	MOVLW      6
0x00DE	0x0088      	MOVWF      PORTD
L_main11:
L_main10:
;1st.c,52 :: 		if(y<100)
0x00DF	0x3080      	MOVLW      128
0x00E0	0x062C      	XORWF      main_y_L0+1, 0
0x00E1	0x00F0      	MOVWF      R0
0x00E2	0x3080      	MOVLW      128
0x00E3	0x0270      	SUBWF      R0, 0
0x00E4	0x1D03      	BTFSS      STATUS, 2
0x00E5	0x28E8      	GOTO       L__main25
0x00E6	0x3064      	MOVLW      100
0x00E7	0x022B      	SUBWF      main_y_L0, 0
L__main25:
0x00E8	0x1803      	BTFSC      STATUS, 0
0x00E9	0x28ED      	GOTO       L_main12
;1st.c,53 :: 		portd=0b00000101;
0x00EA	0x3005      	MOVLW      5
0x00EB	0x0088      	MOVWF      PORTD
0x00EC	0x28FD      	GOTO       L_main13
L_main12:
;1st.c,54 :: 		else if(y>800)
0x00ED	0x3080      	MOVLW      128
0x00EE	0x3A03      	XORLW      3
0x00EF	0x00F0      	MOVWF      R0
0x00F0	0x3080      	MOVLW      128
0x00F1	0x062C      	XORWF      main_y_L0+1, 0
0x00F2	0x0270      	SUBWF      R0, 0
0x00F3	0x1D03      	BTFSS      STATUS, 2
0x00F4	0x28F7      	GOTO       L__main26
0x00F5	0x082B      	MOVF       main_y_L0, 0
0x00F6	0x3C20      	SUBLW      32
L__main26:
0x00F7	0x1803      	BTFSC      STATUS, 0
0x00F8	0x28FC      	GOTO       L_main14
;1st.c,55 :: 		portd=0b00001010;
0x00F9	0x300A      	MOVLW      10
0x00FA	0x0088      	MOVWF      PORTD
0x00FB	0x28FD      	GOTO       L_main15
L_main14:
;1st.c,57 :: 		portd=0;
0x00FC	0x0188      	CLRF       PORTD
L_main15:
L_main13:
;1st.c,58 :: 		time=adc_read(2);
0x00FD	0x3002      	MOVLW      2
0x00FE	0x00AD      	MOVWF      FARG_ADC_Read_channel
0x00FF	0x2045      	CALL       _ADC_Read
0x0100	0x0870      	MOVF       R0, 0
0x0101	0x1283      	BCF        STATUS, 5
0x0102	0x00A5      	MOVWF      _time
0x0103	0x0871      	MOVF       R0+1, 0
0x0104	0x00A6      	MOVWF      _time+1
;1st.c,59 :: 		time1=adc_read(3);
0x0105	0x3003      	MOVLW      3
0x0106	0x00AD      	MOVWF      FARG_ADC_Read_channel
0x0107	0x2045      	CALL       _ADC_Read
0x0108	0x0870      	MOVF       R0, 0
0x0109	0x1283      	BCF        STATUS, 5
0x010A	0x00A3      	MOVWF      _time1
0x010B	0x0871      	MOVF       R0+1, 0
0x010C	0x00A4      	MOVWF      _time1+1
;1st.c,60 :: 		}
0x010D	0x28B4      	GOTO       L_main7
;1st.c,61 :: 		}
L_end_main:
0x010E	0x290E      	GOTO       $+0
; end of _main
Symbol List:
//** Routines locations **
//ADDRESS    SIZE    PROCEDURE
//----------------------------------------------
0x0004      [47]    _interrupt
0x0033       [7]    _____DoICP
0x003A       [7]    _Delay_22us
0x0041       [4]    _vdelay_init
0x0045      [36]    _ADC_Read
0x0069      [43]    _vdelay_us
0x0094      [12]    ___CC2DW
0x00A0     [111]    _main
//** Variables locations ** 
//ADDRESS    SIZE    VARIABLE
//----------------------------------------------
0x0000       [1]    INDF
0x0001       [1]    TMR0
0x0002       [1]    PCL
0x0003       [1]    STATUS
0x0004       [1]    FSR
0x0006       [0]    RB7_bit
0x0006       [0]    RB6_bit
0x0008       [1]    PORTD
0x000A       [1]    PCLATH
0x000B       [1]    INTCON
0x000C       [1]    PIR1
0x000E       [1]    TMR1L
0x000F       [1]    TMR1H
0x0010       [1]    T1CON
0x001E       [1]    ADRESH
0x001F       [1]    ADCON0
0x0021       [2]    ___DoICPAddr
0x0023       [2]    _time1
0x0025       [2]    _time
0x0027       [1]    ___saveSTATUS
0x0028       [1]    ___savePCLATH
0x0029       [2]    main_x_L0
0x002B       [2]    main_y_L0
0x002D       [1]    FARG_ADC_Read_channel
0x002E       [2]    FARG_vdelay_us_x
0x0070       [1]    R0
0x0071       [1]    R1
0x0072       [1]    R2
0x0073       [1]    R3
0x0074       [1]    R4
0x0075       [1]    R5
0x0076       [1]    R6
0x0077       [1]    R7
0x0078       [1]    R8
0x0079       [1]    R9
0x007A       [1]    R10
0x007B       [1]    R11
0x007C       [1]    R12
0x007D       [1]    R13
0x007E       [1]    R14
0x007F       [1]    R15
0x0081       [1]    OPTION_REG
0x0086       [1]    TRISB
0x0088       [1]    TRISD
0x008C       [1]    PIE1
0x009E       [1]    ADRESL
0x009F       [1]    ADCON1
//** Label List: ** 
//----------------------------------------------
  L_vdelay_us0
  L_vdelay_us1
  L_vdelay_us2
  L_vdelay_us3
  L_vdelay_us4
  L_vdelay_us5
  L_interrupt6
  L_main7
  L_main8
  L_main9
  L_main10
  L_main11
  L_main12
  L_main13
  L_main14
  L_main15
  L_end_vdelay_init
  _vdelay_init
  L_end_vdelay_us
  _vdelay_us
  L__vdelay_us18
  L__vdelay_us19
  L_end_interrupt
  _interrupt
  L__interrupt21
  L_end_main
  _main
  L__main23
  L__main24
  L__main25
  L__main26
  L_ADC_Get_Sample0
  L_ADC_Get_Sample1
  L_ADC_Read2
  L_ADC_Read3
  L_end_ADC_Init
  _ADC_Init
  L_end_ADC_Get_Sample
  _ADC_Get_Sample
  L_end_ADC_Read
  _ADC_Read
  L_Delay_10us0
  L_Delay_22us1
  L_Delay_50us2
  L_Delay_80us3
  L_Delay_500us4
  L_Delay_5500us5
  L_Delay_1ms6
  L_Delay_5ms7
  L_Delay_8ms8
  L_Delay_10ms9
  L_Delay_100ms10
  L_Delay_1sec11
  L_boot16_Delay_5ms12
  L_Delay_Cyc13
  L_Delay_Cyc14
  L_VDelay_ms15
  L_VDelay_ms16
  L_VDelay_ms17
  L_VDelay_Advanced_ms18
  L_VDelay_Advanced_ms19
  L_VDelay_Advanced_ms20
  L_end_Get_Fosc_kHz
  _Get_Fosc_kHz
  L_end_Delay_1us
  _Delay_1us
  L_end_Delay_10us
  _Delay_10us
  L_end_Delay_22us
  _Delay_22us
  L_end_Delay_50us
  _Delay_50us
  L_end_Delay_80us
  _Delay_80us
  L_end_Delay_500us
  _Delay_500us
  L_end_Delay_5500us
  _Delay_5500us
  L_end_Delay_1ms
  _Delay_1ms
  L_end_Delay_5ms
  _Delay_5ms
  L_end_Delay_8ms
  _Delay_8ms
  L_end_Delay_10ms
  _Delay_10ms
  L_end_Delay_100ms
  _Delay_100ms
  L_end_Delay_1sec
  _Delay_1sec
  L_end_boot16_Delay_5ms
  _boot16_Delay_5ms
  L_end_Delay_Cyc
  _Delay_Cyc
  L_end_VDelay_ms
  _VDelay_ms
  L__VDelay_ms38
  L__VDelay_ms39
  L__VDelay_ms40
  L_end_VDelay_Advanced_ms
  _VDelay_Advanced_ms
  L__VDelay_Advanced_ms42
  L__VDelay_Advanced_ms43
  L__VDelay_Advanced_ms44
  L_loopCA2AWs
  L_CA2AWend
  _CCA2AW_Loop1
  L_loopCS2Ss
  L_CS2Send
  _CCS2S_Loop1
  L_CCS2Send
  L_loopFZinSWs
  L_FZinSend
  _CC2D_Loop1
  L_end_____DoICP
  _____DoICP
  L_end_____DoIFC
  _____DoIFC
  L_end___CA2AW
  ___CA2AW
  L_end___CCA2AW
  ___CCA2AW
  L_end___CS2S
  ___CS2S
  L_end___CCS2S
  ___CCS2S
  L_end___FZinS
  ___FZinS
  L_end___CC2DW
  ___CC2DW
  L_end_Swap
  _Swap
  L_vdelay_us0
  L_vdelay_us1
  L_vdelay_us2
  L_vdelay_us3
  L_vdelay_us4
  L_vdelay_us5
  L_interrupt6
  L_main7
  L_main8
  L_main9
  L_main10
  L_main11
  L_main12
  L_main13
  L_main14
  L_main15
  L_end_vdelay_init
  _vdelay_init
  L_end_vdelay_us
  _vdelay_us
  L__vdelay_us18
  L__vdelay_us19
  L_end_interrupt
  _interrupt
  L__interrupt21
  L_end_main
  _main
  L__main23
  L__main24
  L__main25
  L__main26
